
> editor-frontend@0.1.0 dev
> vite


  VITE v5.4.21  ready in 175 ms

  ➜  Local:   http://localhost:5173/
  ➜  Network: use --host to expose
  ➜  press h + enter to show help
2:55:39 PM [vite] hmr update /src/pages/EditorPage.jsx
2:55:40 PM [vite] hmr update /src/pages/EditorPage.jsx
2:55:40 PM [vite] hmr update /src/pages/EditorPage.jsx
2:55:52 PM [vite] hmr update /src/pages/EditorPage.jsx
2:55:52 PM [vite] Internal server error: /Users/lex/Projects/dubbing-service-v2/editor_frontend/src/pages/EditorPage.jsx: Unterminated JSX contents. (540:12)

  538 |           )}
  539 |         </div>
> 540 |       </div>
      |             ^
  541 |       );
  542 | };
  543 |
  Plugin: vite:react-babel
  File: /Users/lex/Projects/dubbing-service-v2/editor_frontend/src/pages/EditorPage.jsx:540:12
  538|            )}
  539|          </div>
  540|        </div>
     |              ^
  541|        );
  542|  };
      at constructor (/Users/lex/Projects/dubbing-service-v2/editor_frontend/node_modules/@babel/parser/lib/index.js:365:19)
      at JSXParserMixin.raise (/Users/lex/Projects/dubbing-service-v2/editor_frontend/node_modules/@babel/parser/lib/index.js:6599:19)
      at JSXParserMixin.jsxReadToken (/Users/lex/Projects/dubbing-service-v2/editor_frontend/node_modules/@babel/parser/lib/index.js:4448:20)
      at JSXParserMixin.getTokenFromCode (/Users/lex/Projects/dubbing-service-v2/editor_frontend/node_modules/@babel/parser/lib/index.js:4774:12)
      at JSXParserMixin.nextToken (/Users/lex/Projects/dubbing-service-v2/editor_frontend/node_modules/@babel/parser/lib/index.js:5782:10)
      at JSXParserMixin.next (/Users/lex/Projects/dubbing-service-v2/editor_frontend/node_modules/@babel/parser/lib/index.js:5692:10)
      at JSXParserMixin.eat (/Users/lex/Projects/dubbing-service-v2/editor_frontend/node_modules/@babel/parser/lib/index.js:5696:12)
      at JSXParserMixin.expect (/Users/lex/Projects/dubbing-service-v2/editor_frontend/node_modules/@babel/parser/lib/index.js:6898:15)
      at JSXParserMixin.jsxParseClosingElementAt (/Users/lex/Projects/dubbing-service-v2/editor_frontend/node_modules/@babel/parser/lib/index.js:4680:10)
      at JSXParserMixin.jsxParseElementAt (/Users/lex/Projects/dubbing-service-v2/editor_frontend/node_modules/@babel/parser/lib/index.js:4695:37)
      at JSXParserMixin.jsxParseElementAt (/Users/lex/Projects/dubbing-service-v2/editor_frontend/node_modules/@babel/parser/lib/index.js:4698:32)
      at JSXParserMixin.jsxParseElement (/Users/lex/Projects/dubbing-service-v2/editor_frontend/node_modules/@babel/parser/lib/index.js:4749:17)
      at JSXParserMixin.parseExprAtom (/Users/lex/Projects/dubbing-service-v2/editor_frontend/node_modules/@babel/parser/lib/index.js:4759:19)
      at JSXParserMixin.parseExprSubscripts (/Users/lex/Projects/dubbing-service-v2/editor_frontend/node_modules/@babel/parser/lib/index.js:11071:23)
      at JSXParserMixin.parseUpdate (/Users/lex/Projects/dubbing-service-v2/editor_frontend/node_modules/@babel/parser/lib/index.js:11056:21)
      at JSXParserMixin.parseMaybeUnary (/Users/lex/Projects/dubbing-service-v2/editor_frontend/node_modules/@babel/parser/lib/index.js:11036:23)
      at JSXParserMixin.parseMaybeUnaryOrPrivate (/Users/lex/Projects/dubbing-service-v2/editor_frontend/node_modules/@babel/parser/lib/index.js:10889:61)
      at JSXParserMixin.parseExprOps (/Users/lex/Projects/dubbing-service-v2/editor_frontend/node_modules/@babel/parser/lib/index.js:10894:23)
      at JSXParserMixin.parseMaybeConditional (/Users/lex/Projects/dubbing-service-v2/editor_frontend/node_modules/@babel/parser/lib/index.js:10871:23)
      at JSXParserMixin.parseMaybeAssign (/Users/lex/Projects/dubbing-service-v2/editor_frontend/node_modules/@babel/parser/lib/index.js:10821:21)
      at /Users/lex/Projects/dubbing-service-v2/editor_frontend/node_modules/@babel/parser/lib/index.js:10790:39
      at JSXParserMixin.allowInAnd (/Users/lex/Projects/dubbing-service-v2/editor_frontend/node_modules/@babel/parser/lib/index.js:12416:12)
      at JSXParserMixin.parseMaybeAssignAllowIn (/Users/lex/Projects/dubbing-service-v2/editor_frontend/node_modules/@babel/parser/lib/index.js:10790:17)
      at JSXParserMixin.parseMaybeAssignAllowInOrVoidPattern (/Users/lex/Projects/dubbing-service-v2/editor_frontend/node_modules/@babel/parser/lib/index.js:12483:17)
      at JSXParserMixin.parseParenAndDistinguishExpression (/Users/lex/Projects/dubbing-service-v2/editor_frontend/node_modules/@babel/parser/lib/index.js:11665:28)
      at JSXParserMixin.parseExprAtom (/Users/lex/Projects/dubbing-service-v2/editor_frontend/node_modules/@babel/parser/lib/index.js:11321:23)
      at JSXParserMixin.parseExprAtom (/Users/lex/Projects/dubbing-service-v2/editor_frontend/node_modules/@babel/parser/lib/index.js:4764:20)
      at JSXParserMixin.parseExprSubscripts (/Users/lex/Projects/dubbing-service-v2/editor_frontend/node_modules/@babel/parser/lib/index.js:11071:23)
      at JSXParserMixin.parseUpdate (/Users/lex/Projects/dubbing-service-v2/editor_frontend/node_modules/@babel/parser/lib/index.js:11056:21)
      at JSXParserMixin.parseMaybeUnary (/Users/lex/Projects/dubbing-service-v2/editor_frontend/node_modules/@babel/parser/lib/index.js:11036:23)
      at JSXParserMixin.parseMaybeUnaryOrPrivate (/Users/lex/Projects/dubbing-service-v2/editor_frontend/node_modules/@babel/parser/lib/index.js:10889:61)
      at JSXParserMixin.parseExprOps (/Users/lex/Projects/dubbing-service-v2/editor_frontend/node_modules/@babel/parser/lib/index.js:10894:23)
      at JSXParserMixin.parseMaybeConditional (/Users/lex/Projects/dubbing-service-v2/editor_frontend/node_modules/@babel/parser/lib/index.js:10871:23)
      at JSXParserMixin.parseMaybeAssign (/Users/lex/Projects/dubbing-service-v2/editor_frontend/node_modules/@babel/parser/lib/index.js:10821:21)
      at JSXParserMixin.parseExpressionBase (/Users/lex/Projects/dubbing-service-v2/editor_frontend/node_modules/@babel/parser/lib/index.js:10774:23)
      at /Users/lex/Projects/dubbing-service-v2/editor_frontend/node_modules/@babel/parser/lib/index.js:10770:39
      at JSXParserMixin.allowInAnd (/Users/lex/Projects/dubbing-service-v2/editor_frontend/node_modules/@babel/parser/lib/index.js:12411:16)
      at JSXParserMixin.parseExpression (/Users/lex/Projects/dubbing-service-v2/editor_frontend/node_modules/@babel/parser/lib/index.js:10770:17)
      at JSXParserMixin.parseReturnStatement (/Users/lex/Projects/dubbing-service-v2/editor_frontend/node_modules/@babel/parser/lib/index.js:13132:28)
      at JSXParserMixin.parseStatementContent (/Users/lex/Projects/dubbing-service-v2/editor_frontend/node_modules/@babel/parser/lib/index.js:12788:21)
      at JSXParserMixin.parseStatementLike (/Users/lex/Projects/dubbing-service-v2/editor_frontend/node_modules/@babel/parser/lib/index.js:12757:17)
      at JSXParserMixin.parseStatementListItem (/Users/lex/Projects/dubbing-service-v2/editor_frontend/node_modules/@babel/parser/lib/index.js:12737:17)
      at JSXParserMixin.parseBlockOrModuleBlockBody (/Users/lex/Projects/dubbing-service-v2/editor_frontend/node_modules/@babel/parser/lib/index.js:13306:61)
      at JSXParserMixin.parseBlockBody (/Users/lex/Projects/dubbing-service-v2/editor_frontend/node_modules/@babel/parser/lib/index.js:13299:10)
      at JSXParserMixin.parseBlock (/Users/lex/Projects/dubbing-service-v2/editor_frontend/node_modules/@babel/parser/lib/index.js:13287:10)
      at JSXParserMixin.parseFunctionBody (/Users/lex/Projects/dubbing-service-v2/editor_frontend/node_modules/@babel/parser/lib/index.js:12090:24)
      at JSXParserMixin.parseArrowExpression (/Users/lex/Projects/dubbing-service-v2/editor_frontend/node_modules/@babel/parser/lib/index.js:12065:10)
      at JSXParserMixin.parseParenAndDistinguishExpression (/Users/lex/Projects/dubbing-service-v2/editor_frontend/node_modules/@babel/parser/lib/index.js:11677:12)
      at JSXParserMixin.parseExprAtom (/Users/lex/Projects/dubbing-service-v2/editor_frontend/node_modules/@babel/parser/lib/index.js:11321:23)
      at JSXParserMixin.parseExprAtom (/Users/lex/Projects/dubbing-service-v2/editor_frontend/node_modules/@babel/parser/lib/index.js:4764:20)
2:55:52 PM [vite] Internal server error: /Users/lex/Projects/dubbing-service-v2/editor_frontend/src/pages/EditorPage.jsx: Unterminated JSX contents. (540:12)

  538 |           )}
  539 |         </div>
> 540 |       </div>
      |             ^
  541 |       );
  542 | };
  543 |
  Plugin: vite:react-babel
  File: /Users/lex/Projects/dubbing-service-v2/editor_frontend/src/pages/EditorPage.jsx:540:12
  538|            )}
  539|          </div>
  540|        </div>
     |              ^
  541|        );
  542|  };
      at constructor (/Users/lex/Projects/dubbing-service-v2/editor_frontend/node_modules/@babel/parser/lib/index.js:365:19)
      at JSXParserMixin.raise (/Users/lex/Projects/dubbing-service-v2/editor_frontend/node_modules/@babel/parser/lib/index.js:6599:19)
      at JSXParserMixin.jsxReadToken (/Users/lex/Projects/dubbing-service-v2/editor_frontend/node_modules/@babel/parser/lib/index.js:4448:20)
      at JSXParserMixin.getTokenFromCode (/Users/lex/Projects/dubbing-service-v2/editor_frontend/node_modules/@babel/parser/lib/index.js:4774:12)
      at JSXParserMixin.nextToken (/Users/lex/Projects/dubbing-service-v2/editor_frontend/node_modules/@babel/parser/lib/index.js:5782:10)
      at JSXParserMixin.next (/Users/lex/Projects/dubbing-service-v2/editor_frontend/node_modules/@babel/parser/lib/index.js:5692:10)
      at JSXParserMixin.eat (/Users/lex/Projects/dubbing-service-v2/editor_frontend/node_modules/@babel/parser/lib/index.js:5696:12)
      at JSXParserMixin.expect (/Users/lex/Projects/dubbing-service-v2/editor_frontend/node_modules/@babel/parser/lib/index.js:6898:15)
      at JSXParserMixin.jsxParseClosingElementAt (/Users/lex/Projects/dubbing-service-v2/editor_frontend/node_modules/@babel/parser/lib/index.js:4680:10)
      at JSXParserMixin.jsxParseElementAt (/Users/lex/Projects/dubbing-service-v2/editor_frontend/node_modules/@babel/parser/lib/index.js:4695:37)
      at JSXParserMixin.jsxParseElementAt (/Users/lex/Projects/dubbing-service-v2/editor_frontend/node_modules/@babel/parser/lib/index.js:4698:32)
      at JSXParserMixin.jsxParseElement (/Users/lex/Projects/dubbing-service-v2/editor_frontend/node_modules/@babel/parser/lib/index.js:4749:17)
      at JSXParserMixin.parseExprAtom (/Users/lex/Projects/dubbing-service-v2/editor_frontend/node_modules/@babel/parser/lib/index.js:4759:19)
      at JSXParserMixin.parseExprSubscripts (/Users/lex/Projects/dubbing-service-v2/editor_frontend/node_modules/@babel/parser/lib/index.js:11071:23)
      at JSXParserMixin.parseUpdate (/Users/lex/Projects/dubbing-service-v2/editor_frontend/node_modules/@babel/parser/lib/index.js:11056:21)
      at JSXParserMixin.parseMaybeUnary (/Users/lex/Projects/dubbing-service-v2/editor_frontend/node_modules/@babel/parser/lib/index.js:11036:23)
      at JSXParserMixin.parseMaybeUnaryOrPrivate (/Users/lex/Projects/dubbing-service-v2/editor_frontend/node_modules/@babel/parser/lib/index.js:10889:61)
      at JSXParserMixin.parseExprOps (/Users/lex/Projects/dubbing-service-v2/editor_frontend/node_modules/@babel/parser/lib/index.js:10894:23)
      at JSXParserMixin.parseMaybeConditional (/Users/lex/Projects/dubbing-service-v2/editor_frontend/node_modules/@babel/parser/lib/index.js:10871:23)
      at JSXParserMixin.parseMaybeAssign (/Users/lex/Projects/dubbing-service-v2/editor_frontend/node_modules/@babel/parser/lib/index.js:10821:21)
      at /Users/lex/Projects/dubbing-service-v2/editor_frontend/node_modules/@babel/parser/lib/index.js:10790:39
      at JSXParserMixin.allowInAnd (/Users/lex/Projects/dubbing-service-v2/editor_frontend/node_modules/@babel/parser/lib/index.js:12416:12)
      at JSXParserMixin.parseMaybeAssignAllowIn (/Users/lex/Projects/dubbing-service-v2/editor_frontend/node_modules/@babel/parser/lib/index.js:10790:17)
      at JSXParserMixin.parseMaybeAssignAllowInOrVoidPattern (/Users/lex/Projects/dubbing-service-v2/editor_frontend/node_modules/@babel/parser/lib/index.js:12483:17)
      at JSXParserMixin.parseParenAndDistinguishExpression (/Users/lex/Projects/dubbing-service-v2/editor_frontend/node_modules/@babel/parser/lib/index.js:11665:28)
      at JSXParserMixin.parseExprAtom (/Users/lex/Projects/dubbing-service-v2/editor_frontend/node_modules/@babel/parser/lib/index.js:11321:23)
      at JSXParserMixin.parseExprAtom (/Users/lex/Projects/dubbing-service-v2/editor_frontend/node_modules/@babel/parser/lib/index.js:4764:20)
      at JSXParserMixin.parseExprSubscripts (/Users/lex/Projects/dubbing-service-v2/editor_frontend/node_modules/@babel/parser/lib/index.js:11071:23)
      at JSXParserMixin.parseUpdate (/Users/lex/Projects/dubbing-service-v2/editor_frontend/node_modules/@babel/parser/lib/index.js:11056:21)
      at JSXParserMixin.parseMaybeUnary (/Users/lex/Projects/dubbing-service-v2/editor_frontend/node_modules/@babel/parser/lib/index.js:11036:23)
      at JSXParserMixin.parseMaybeUnaryOrPrivate (/Users/lex/Projects/dubbing-service-v2/editor_frontend/node_modules/@babel/parser/lib/index.js:10889:61)
      at JSXParserMixin.parseExprOps (/Users/lex/Projects/dubbing-service-v2/editor_frontend/node_modules/@babel/parser/lib/index.js:10894:23)
      at JSXParserMixin.parseMaybeConditional (/Users/lex/Projects/dubbing-service-v2/editor_frontend/node_modules/@babel/parser/lib/index.js:10871:23)
      at JSXParserMixin.parseMaybeAssign (/Users/lex/Projects/dubbing-service-v2/editor_frontend/node_modules/@babel/parser/lib/index.js:10821:21)
      at JSXParserMixin.parseExpressionBase (/Users/lex/Projects/dubbing-service-v2/editor_frontend/node_modules/@babel/parser/lib/index.js:10774:23)
      at /Users/lex/Projects/dubbing-service-v2/editor_frontend/node_modules/@babel/parser/lib/index.js:10770:39
      at JSXParserMixin.allowInAnd (/Users/lex/Projects/dubbing-service-v2/editor_frontend/node_modules/@babel/parser/lib/index.js:12411:16)
      at JSXParserMixin.parseExpression (/Users/lex/Projects/dubbing-service-v2/editor_frontend/node_modules/@babel/parser/lib/index.js:10770:17)
      at JSXParserMixin.parseReturnStatement (/Users/lex/Projects/dubbing-service-v2/editor_frontend/node_modules/@babel/parser/lib/index.js:13132:28)
      at JSXParserMixin.parseStatementContent (/Users/lex/Projects/dubbing-service-v2/editor_frontend/node_modules/@babel/parser/lib/index.js:12788:21)
      at JSXParserMixin.parseStatementLike (/Users/lex/Projects/dubbing-service-v2/editor_frontend/node_modules/@babel/parser/lib/index.js:12757:17)
      at JSXParserMixin.parseStatementListItem (/Users/lex/Projects/dubbing-service-v2/editor_frontend/node_modules/@babel/parser/lib/index.js:12737:17)
      at JSXParserMixin.parseBlockOrModuleBlockBody (/Users/lex/Projects/dubbing-service-v2/editor_frontend/node_modules/@babel/parser/lib/index.js:13306:61)
      at JSXParserMixin.parseBlockBody (/Users/lex/Projects/dubbing-service-v2/editor_frontend/node_modules/@babel/parser/lib/index.js:13299:10)
      at JSXParserMixin.parseBlock (/Users/lex/Projects/dubbing-service-v2/editor_frontend/node_modules/@babel/parser/lib/index.js:13287:10)
      at JSXParserMixin.parseFunctionBody (/Users/lex/Projects/dubbing-service-v2/editor_frontend/node_modules/@babel/parser/lib/index.js:12090:24)
      at JSXParserMixin.parseArrowExpression (/Users/lex/Projects/dubbing-service-v2/editor_frontend/node_modules/@babel/parser/lib/index.js:12065:10)
      at JSXParserMixin.parseParenAndDistinguishExpression (/Users/lex/Projects/dubbing-service-v2/editor_frontend/node_modules/@babel/parser/lib/index.js:11677:12)
      at JSXParserMixin.parseExprAtom (/Users/lex/Projects/dubbing-service-v2/editor_frontend/node_modules/@babel/parser/lib/index.js:11321:23)
      at JSXParserMixin.parseExprAtom (/Users/lex/Projects/dubbing-service-v2/editor_frontend/node_modules/@babel/parser/lib/index.js:4764:20)
2:55:52 PM [vite] hmr update /src/pages/EditorPage.jsx
2:55:52 PM [vite] Internal server error: /Users/lex/Projects/dubbing-service-v2/editor_frontend/src/pages/EditorPage.jsx: Unterminated JSX contents. (540:12)

  538 |           )}
  539 |         </div>
> 540 |       </div>
      |             ^
  541 |       );
  542 | };
  543 |
  Plugin: vite:react-babel
  File: /Users/lex/Projects/dubbing-service-v2/editor_frontend/src/pages/EditorPage.jsx:540:12
  538|            )}
  539|          </div>
  540|        </div>
     |              ^
  541|        );
  542|  };
      at constructor (/Users/lex/Projects/dubbing-service-v2/editor_frontend/node_modules/@babel/parser/lib/index.js:365:19)
      at JSXParserMixin.raise (/Users/lex/Projects/dubbing-service-v2/editor_frontend/node_modules/@babel/parser/lib/index.js:6599:19)
      at JSXParserMixin.jsxReadToken (/Users/lex/Projects/dubbing-service-v2/editor_frontend/node_modules/@babel/parser/lib/index.js:4448:20)
      at JSXParserMixin.getTokenFromCode (/Users/lex/Projects/dubbing-service-v2/editor_frontend/node_modules/@babel/parser/lib/index.js:4774:12)
      at JSXParserMixin.nextToken (/Users/lex/Projects/dubbing-service-v2/editor_frontend/node_modules/@babel/parser/lib/index.js:5782:10)
      at JSXParserMixin.next (/Users/lex/Projects/dubbing-service-v2/editor_frontend/node_modules/@babel/parser/lib/index.js:5692:10)
      at JSXParserMixin.eat (/Users/lex/Projects/dubbing-service-v2/editor_frontend/node_modules/@babel/parser/lib/index.js:5696:12)
      at JSXParserMixin.expect (/Users/lex/Projects/dubbing-service-v2/editor_frontend/node_modules/@babel/parser/lib/index.js:6898:15)
      at JSXParserMixin.jsxParseClosingElementAt (/Users/lex/Projects/dubbing-service-v2/editor_frontend/node_modules/@babel/parser/lib/index.js:4680:10)
      at JSXParserMixin.jsxParseElementAt (/Users/lex/Projects/dubbing-service-v2/editor_frontend/node_modules/@babel/parser/lib/index.js:4695:37)
      at JSXParserMixin.jsxParseElementAt (/Users/lex/Projects/dubbing-service-v2/editor_frontend/node_modules/@babel/parser/lib/index.js:4698:32)
      at JSXParserMixin.jsxParseElement (/Users/lex/Projects/dubbing-service-v2/editor_frontend/node_modules/@babel/parser/lib/index.js:4749:17)
      at JSXParserMixin.parseExprAtom (/Users/lex/Projects/dubbing-service-v2/editor_frontend/node_modules/@babel/parser/lib/index.js:4759:19)
      at JSXParserMixin.parseExprSubscripts (/Users/lex/Projects/dubbing-service-v2/editor_frontend/node_modules/@babel/parser/lib/index.js:11071:23)
      at JSXParserMixin.parseUpdate (/Users/lex/Projects/dubbing-service-v2/editor_frontend/node_modules/@babel/parser/lib/index.js:11056:21)
      at JSXParserMixin.parseMaybeUnary (/Users/lex/Projects/dubbing-service-v2/editor_frontend/node_modules/@babel/parser/lib/index.js:11036:23)
      at JSXParserMixin.parseMaybeUnaryOrPrivate (/Users/lex/Projects/dubbing-service-v2/editor_frontend/node_modules/@babel/parser/lib/index.js:10889:61)
      at JSXParserMixin.parseExprOps (/Users/lex/Projects/dubbing-service-v2/editor_frontend/node_modules/@babel/parser/lib/index.js:10894:23)
      at JSXParserMixin.parseMaybeConditional (/Users/lex/Projects/dubbing-service-v2/editor_frontend/node_modules/@babel/parser/lib/index.js:10871:23)
      at JSXParserMixin.parseMaybeAssign (/Users/lex/Projects/dubbing-service-v2/editor_frontend/node_modules/@babel/parser/lib/index.js:10821:21)
      at /Users/lex/Projects/dubbing-service-v2/editor_frontend/node_modules/@babel/parser/lib/index.js:10790:39
      at JSXParserMixin.allowInAnd (/Users/lex/Projects/dubbing-service-v2/editor_frontend/node_modules/@babel/parser/lib/index.js:12416:12)
      at JSXParserMixin.parseMaybeAssignAllowIn (/Users/lex/Projects/dubbing-service-v2/editor_frontend/node_modules/@babel/parser/lib/index.js:10790:17)
      at JSXParserMixin.parseMaybeAssignAllowInOrVoidPattern (/Users/lex/Projects/dubbing-service-v2/editor_frontend/node_modules/@babel/parser/lib/index.js:12483:17)
      at JSXParserMixin.parseParenAndDistinguishExpression (/Users/lex/Projects/dubbing-service-v2/editor_frontend/node_modules/@babel/parser/lib/index.js:11665:28)
      at JSXParserMixin.parseExprAtom (/Users/lex/Projects/dubbing-service-v2/editor_frontend/node_modules/@babel/parser/lib/index.js:11321:23)
      at JSXParserMixin.parseExprAtom (/Users/lex/Projects/dubbing-service-v2/editor_frontend/node_modules/@babel/parser/lib/index.js:4764:20)
      at JSXParserMixin.parseExprSubscripts (/Users/lex/Projects/dubbing-service-v2/editor_frontend/node_modules/@babel/parser/lib/index.js:11071:23)
      at JSXParserMixin.parseUpdate (/Users/lex/Projects/dubbing-service-v2/editor_frontend/node_modules/@babel/parser/lib/index.js:11056:21)
      at JSXParserMixin.parseMaybeUnary (/Users/lex/Projects/dubbing-service-v2/editor_frontend/node_modules/@babel/parser/lib/index.js:11036:23)
      at JSXParserMixin.parseMaybeUnaryOrPrivate (/Users/lex/Projects/dubbing-service-v2/editor_frontend/node_modules/@babel/parser/lib/index.js:10889:61)
      at JSXParserMixin.parseExprOps (/Users/lex/Projects/dubbing-service-v2/editor_frontend/node_modules/@babel/parser/lib/index.js:10894:23)
      at JSXParserMixin.parseMaybeConditional (/Users/lex/Projects/dubbing-service-v2/editor_frontend/node_modules/@babel/parser/lib/index.js:10871:23)
      at JSXParserMixin.parseMaybeAssign (/Users/lex/Projects/dubbing-service-v2/editor_frontend/node_modules/@babel/parser/lib/index.js:10821:21)
      at JSXParserMixin.parseExpressionBase (/Users/lex/Projects/dubbing-service-v2/editor_frontend/node_modules/@babel/parser/lib/index.js:10774:23)
      at /Users/lex/Projects/dubbing-service-v2/editor_frontend/node_modules/@babel/parser/lib/index.js:10770:39
      at JSXParserMixin.allowInAnd (/Users/lex/Projects/dubbing-service-v2/editor_frontend/node_modules/@babel/parser/lib/index.js:12411:16)
      at JSXParserMixin.parseExpression (/Users/lex/Projects/dubbing-service-v2/editor_frontend/node_modules/@babel/parser/lib/index.js:10770:17)
      at JSXParserMixin.parseReturnStatement (/Users/lex/Projects/dubbing-service-v2/editor_frontend/node_modules/@babel/parser/lib/index.js:13132:28)
      at JSXParserMixin.parseStatementContent (/Users/lex/Projects/dubbing-service-v2/editor_frontend/node_modules/@babel/parser/lib/index.js:12788:21)
      at JSXParserMixin.parseStatementLike (/Users/lex/Projects/dubbing-service-v2/editor_frontend/node_modules/@babel/parser/lib/index.js:12757:17)
      at JSXParserMixin.parseStatementListItem (/Users/lex/Projects/dubbing-service-v2/editor_frontend/node_modules/@babel/parser/lib/index.js:12737:17)
      at JSXParserMixin.parseBlockOrModuleBlockBody (/Users/lex/Projects/dubbing-service-v2/editor_frontend/node_modules/@babel/parser/lib/index.js:13306:61)
      at JSXParserMixin.parseBlockBody (/Users/lex/Projects/dubbing-service-v2/editor_frontend/node_modules/@babel/parser/lib/index.js:13299:10)
      at JSXParserMixin.parseBlock (/Users/lex/Projects/dubbing-service-v2/editor_frontend/node_modules/@babel/parser/lib/index.js:13287:10)
      at JSXParserMixin.parseFunctionBody (/Users/lex/Projects/dubbing-service-v2/editor_frontend/node_modules/@babel/parser/lib/index.js:12090:24)
      at JSXParserMixin.parseArrowExpression (/Users/lex/Projects/dubbing-service-v2/editor_frontend/node_modules/@babel/parser/lib/index.js:12065:10)
      at JSXParserMixin.parseParenAndDistinguishExpression (/Users/lex/Projects/dubbing-service-v2/editor_frontend/node_modules/@babel/parser/lib/index.js:11677:12)
      at JSXParserMixin.parseExprAtom (/Users/lex/Projects/dubbing-service-v2/editor_frontend/node_modules/@babel/parser/lib/index.js:11321:23)
      at JSXParserMixin.parseExprAtom (/Users/lex/Projects/dubbing-service-v2/editor_frontend/node_modules/@babel/parser/lib/index.js:4764:20)
2:55:52 PM [vite] Internal server error: /Users/lex/Projects/dubbing-service-v2/editor_frontend/src/pages/EditorPage.jsx: Unterminated JSX contents. (540:12)

  538 |           )}
  539 |         </div>
> 540 |       </div>
      |             ^
  541 |       );
  542 | };
  543 |
  Plugin: vite:react-babel
  File: /Users/lex/Projects/dubbing-service-v2/editor_frontend/src/pages/EditorPage.jsx:540:12
  538|            )}
  539|          </div>
  540|        </div>
     |              ^
  541|        );
  542|  };
      at constructor (/Users/lex/Projects/dubbing-service-v2/editor_frontend/node_modules/@babel/parser/lib/index.js:365:19)
      at JSXParserMixin.raise (/Users/lex/Projects/dubbing-service-v2/editor_frontend/node_modules/@babel/parser/lib/index.js:6599:19)
      at JSXParserMixin.jsxReadToken (/Users/lex/Projects/dubbing-service-v2/editor_frontend/node_modules/@babel/parser/lib/index.js:4448:20)
      at JSXParserMixin.getTokenFromCode (/Users/lex/Projects/dubbing-service-v2/editor_frontend/node_modules/@babel/parser/lib/index.js:4774:12)
      at JSXParserMixin.nextToken (/Users/lex/Projects/dubbing-service-v2/editor_frontend/node_modules/@babel/parser/lib/index.js:5782:10)
      at JSXParserMixin.next (/Users/lex/Projects/dubbing-service-v2/editor_frontend/node_modules/@babel/parser/lib/index.js:5692:10)
      at JSXParserMixin.eat (/Users/lex/Projects/dubbing-service-v2/editor_frontend/node_modules/@babel/parser/lib/index.js:5696:12)
      at JSXParserMixin.expect (/Users/lex/Projects/dubbing-service-v2/editor_frontend/node_modules/@babel/parser/lib/index.js:6898:15)
      at JSXParserMixin.jsxParseClosingElementAt (/Users/lex/Projects/dubbing-service-v2/editor_frontend/node_modules/@babel/parser/lib/index.js:4680:10)
      at JSXParserMixin.jsxParseElementAt (/Users/lex/Projects/dubbing-service-v2/editor_frontend/node_modules/@babel/parser/lib/index.js:4695:37)
      at JSXParserMixin.jsxParseElementAt (/Users/lex/Projects/dubbing-service-v2/editor_frontend/node_modules/@babel/parser/lib/index.js:4698:32)
      at JSXParserMixin.jsxParseElement (/Users/lex/Projects/dubbing-service-v2/editor_frontend/node_modules/@babel/parser/lib/index.js:4749:17)
      at JSXParserMixin.parseExprAtom (/Users/lex/Projects/dubbing-service-v2/editor_frontend/node_modules/@babel/parser/lib/index.js:4759:19)
      at JSXParserMixin.parseExprSubscripts (/Users/lex/Projects/dubbing-service-v2/editor_frontend/node_modules/@babel/parser/lib/index.js:11071:23)
      at JSXParserMixin.parseUpdate (/Users/lex/Projects/dubbing-service-v2/editor_frontend/node_modules/@babel/parser/lib/index.js:11056:21)
      at JSXParserMixin.parseMaybeUnary (/Users/lex/Projects/dubbing-service-v2/editor_frontend/node_modules/@babel/parser/lib/index.js:11036:23)
      at JSXParserMixin.parseMaybeUnaryOrPrivate (/Users/lex/Projects/dubbing-service-v2/editor_frontend/node_modules/@babel/parser/lib/index.js:10889:61)
      at JSXParserMixin.parseExprOps (/Users/lex/Projects/dubbing-service-v2/editor_frontend/node_modules/@babel/parser/lib/index.js:10894:23)
      at JSXParserMixin.parseMaybeConditional (/Users/lex/Projects/dubbing-service-v2/editor_frontend/node_modules/@babel/parser/lib/index.js:10871:23)
      at JSXParserMixin.parseMaybeAssign (/Users/lex/Projects/dubbing-service-v2/editor_frontend/node_modules/@babel/parser/lib/index.js:10821:21)
      at /Users/lex/Projects/dubbing-service-v2/editor_frontend/node_modules/@babel/parser/lib/index.js:10790:39
      at JSXParserMixin.allowInAnd (/Users/lex/Projects/dubbing-service-v2/editor_frontend/node_modules/@babel/parser/lib/index.js:12416:12)
      at JSXParserMixin.parseMaybeAssignAllowIn (/Users/lex/Projects/dubbing-service-v2/editor_frontend/node_modules/@babel/parser/lib/index.js:10790:17)
      at JSXParserMixin.parseMaybeAssignAllowInOrVoidPattern (/Users/lex/Projects/dubbing-service-v2/editor_frontend/node_modules/@babel/parser/lib/index.js:12483:17)
      at JSXParserMixin.parseParenAndDistinguishExpression (/Users/lex/Projects/dubbing-service-v2/editor_frontend/node_modules/@babel/parser/lib/index.js:11665:28)
      at JSXParserMixin.parseExprAtom (/Users/lex/Projects/dubbing-service-v2/editor_frontend/node_modules/@babel/parser/lib/index.js:11321:23)
      at JSXParserMixin.parseExprAtom (/Users/lex/Projects/dubbing-service-v2/editor_frontend/node_modules/@babel/parser/lib/index.js:4764:20)
      at JSXParserMixin.parseExprSubscripts (/Users/lex/Projects/dubbing-service-v2/editor_frontend/node_modules/@babel/parser/lib/index.js:11071:23)
      at JSXParserMixin.parseUpdate (/Users/lex/Projects/dubbing-service-v2/editor_frontend/node_modules/@babel/parser/lib/index.js:11056:21)
      at JSXParserMixin.parseMaybeUnary (/Users/lex/Projects/dubbing-service-v2/editor_frontend/node_modules/@babel/parser/lib/index.js:11036:23)
      at JSXParserMixin.parseMaybeUnaryOrPrivate (/Users/lex/Projects/dubbing-service-v2/editor_frontend/node_modules/@babel/parser/lib/index.js:10889:61)
      at JSXParserMixin.parseExprOps (/Users/lex/Projects/dubbing-service-v2/editor_frontend/node_modules/@babel/parser/lib/index.js:10894:23)
      at JSXParserMixin.parseMaybeConditional (/Users/lex/Projects/dubbing-service-v2/editor_frontend/node_modules/@babel/parser/lib/index.js:10871:23)
      at JSXParserMixin.parseMaybeAssign (/Users/lex/Projects/dubbing-service-v2/editor_frontend/node_modules/@babel/parser/lib/index.js:10821:21)
      at JSXParserMixin.parseExpressionBase (/Users/lex/Projects/dubbing-service-v2/editor_frontend/node_modules/@babel/parser/lib/index.js:10774:23)
      at /Users/lex/Projects/dubbing-service-v2/editor_frontend/node_modules/@babel/parser/lib/index.js:10770:39
      at JSXParserMixin.allowInAnd (/Users/lex/Projects/dubbing-service-v2/editor_frontend/node_modules/@babel/parser/lib/index.js:12411:16)
      at JSXParserMixin.parseExpression (/Users/lex/Projects/dubbing-service-v2/editor_frontend/node_modules/@babel/parser/lib/index.js:10770:17)
      at JSXParserMixin.parseReturnStatement (/Users/lex/Projects/dubbing-service-v2/editor_frontend/node_modules/@babel/parser/lib/index.js:13132:28)
      at JSXParserMixin.parseStatementContent (/Users/lex/Projects/dubbing-service-v2/editor_frontend/node_modules/@babel/parser/lib/index.js:12788:21)
      at JSXParserMixin.parseStatementLike (/Users/lex/Projects/dubbing-service-v2/editor_frontend/node_modules/@babel/parser/lib/index.js:12757:17)
      at JSXParserMixin.parseStatementListItem (/Users/lex/Projects/dubbing-service-v2/editor_frontend/node_modules/@babel/parser/lib/index.js:12737:17)
      at JSXParserMixin.parseBlockOrModuleBlockBody (/Users/lex/Projects/dubbing-service-v2/editor_frontend/node_modules/@babel/parser/lib/index.js:13306:61)
      at JSXParserMixin.parseBlockBody (/Users/lex/Projects/dubbing-service-v2/editor_frontend/node_modules/@babel/parser/lib/index.js:13299:10)
      at JSXParserMixin.parseBlock (/Users/lex/Projects/dubbing-service-v2/editor_frontend/node_modules/@babel/parser/lib/index.js:13287:10)
      at JSXParserMixin.parseFunctionBody (/Users/lex/Projects/dubbing-service-v2/editor_frontend/node_modules/@babel/parser/lib/index.js:12090:24)
      at JSXParserMixin.parseArrowExpression (/Users/lex/Projects/dubbing-service-v2/editor_frontend/node_modules/@babel/parser/lib/index.js:12065:10)
      at JSXParserMixin.parseParenAndDistinguishExpression (/Users/lex/Projects/dubbing-service-v2/editor_frontend/node_modules/@babel/parser/lib/index.js:11677:12)
      at JSXParserMixin.parseExprAtom (/Users/lex/Projects/dubbing-service-v2/editor_frontend/node_modules/@babel/parser/lib/index.js:11321:23)
      at JSXParserMixin.parseExprAtom (/Users/lex/Projects/dubbing-service-v2/editor_frontend/node_modules/@babel/parser/lib/index.js:4764:20)
2:55:55 PM [vite] hmr update /src/pages/EditorPage.jsx
